  Source.cpp
D:\___studia\_______AKTUALNE\PI\VS\pacman\pac-man\pac-man\funkcje.h(126,23): warning C4018: '<': signed/unsigned mismatch
D:\___studia\_______AKTUALNE\PI\VS\pacman\pac-man\pac-man\funkcje.h(145,31): warning C4018: '<': signed/unsigned mismatch
D:\___studia\_______AKTUALNE\PI\VS\pacman\pac-man\pac-man\funkcje.h(156,13): warning C4244: 'initializing': conversion from 'T' to 'float', possible loss of data
          with
          [
              T=int
          ]
D:\___studia\_______AKTUALNE\PI\VS\pacman\pac-man\pac-man\funkcje.h(157,13): warning C4244: 'initializing': conversion from 'T' to 'float', possible loss of data
          with
          [
              T=int
          ]
D:\___studia\_______AKTUALNE\PI\VS\pacman\pac-man\pac-man\funkcje.h(222,31): warning C4018: '<': signed/unsigned mismatch
D:\___studia\_______AKTUALNE\PI\VS\pacman\pac-man\pac-man\funkcje.h(234,27): warning C4018: '<': signed/unsigned mismatch
D:\___studia\_______AKTUALNE\PI\VS\pacman\pac-man\pac-man\Source.cpp(88,100): warning C4305: 'argument': truncation from 'double' to 'float'
D:\___studia\_______AKTUALNE\PI\VS\pacman\pac-man\pac-man\Source.cpp(95,31): warning C4244: 'argument': conversion from 'float' to 'int', possible loss of data
D:\___studia\_______AKTUALNE\PI\VS\pacman\pac-man\pac-man\Source.cpp(99,68): warning C4305: 'argument': truncation from 'double' to 'float'
  Generating code
  2 of 682 functions ( 0.3%) were compiled, the rest were copied from previous compilation.
    0 functions were new in current compilation
    8 functions had inline decision re-evaluated but remain unchanged
  Finished generating code
  pac-man.vcxproj -> D:\___studia\_______AKTUALNE\PI\VS\pacman\pac-man\Release\pac-man.exe
